<?xml version="1.0" encoding="UTF-8"?>
<!-- Generated by org.testng.reporters.JUnitReportReporter -->
<testsuite hostname="LTIN191527" failures="0" tests="1" name="restAssured.numberConversion" time="10.739" errors="0" timestamp="2023-05-11T11:55:47 IST" skipped="0">
  <testcase classname="restAssured.numberConversion" name="NumbersTowords" time="10.739"/>
  <system-out/>
</testsuite> <!-- restAssured.numberConversion -->
