<?xml version="1.0" encoding="UTF-8"?>
<!-- Generated by org.testng.reporters.JUnitReportReporter -->
<testsuite hostname="LTIN191527" failures="0" tests="3" name="sample.PutandpatchdeleteExamples" time="8.152" errors="0" timestamp="2023-05-10T10:32:24 IST" skipped="0">
  <testcase classname="sample.PutandpatchdeleteExamples" name="testDelete" time="6.374"/>
  <system-out/>
  <testcase classname="sample.PutandpatchdeleteExamples" name="testPatch" time="0.932"/>
  <system-out/>
  <testcase classname="sample.PutandpatchdeleteExamples" name="testPut" time="0.846"/>
  <system-out/>
</testsuite> <!-- sample.PutandpatchdeleteExamples -->
