<?xml version="1.0" encoding="UTF-8"?>
<!-- Generated by org.testng.reporters.JUnitReportReporter -->
<testsuite hostname="LTIN191527" failures="0" tests="1" name="sample.SOAPXMLRequest" time="8.233" errors="0" timestamp="2023-05-10T11:51:18 IST" skipped="0">
  <testcase classname="sample.SOAPXMLRequest" name="validateSoapxml" time="8.233"/>
  <system-out/>
</testsuite> <!-- sample.SOAPXMLRequest -->
